<?xml version="1.0" encoding="UTF-8"?>
<testng-results ignored="0" total="2" passed="2" failed="0" skipped="0">
  <reporter-output>
  </reporter-output>
  <suite started-at="2023-01-10T14:30:15 IST" name="Suite" finished-at="2023-01-10T14:30:31 IST" duration-ms="16049">
    <groups>
    </groups>
    <test started-at="2023-01-10T14:30:15 IST" name="Test" finished-at="2023-01-10T14:30:31 IST" duration-ms="16049">
      <class name="TestScripts.DashboardTest">
        <test-method is-config="true" signature="setup()[pri:0, instance:TestScripts.DashboardTest@478190fc]" started-at="2023-01-10T14:30:15 IST" name="setup" finished-at="2023-01-10T14:30:21 IST" duration-ms="6051" status="PASS">
          <reporter-output>
          </reporter-output>
        </test-method> <!-- setup -->
        <test-method signature="loginTest()[pri:1, instance:TestScripts.DashboardTest@478190fc]" started-at="2023-01-10T14:30:21 IST" name="loginTest" finished-at="2023-01-10T14:30:21 IST" duration-ms="263" status="PASS">
          <reporter-output>
          </reporter-output>
        </test-method> <!-- loginTest -->
        <test-method signature="Dashboardtest()[pri:2, instance:TestScripts.DashboardTest@478190fc]" started-at="2023-01-10T14:30:21 IST" name="Dashboardtest" finished-at="2023-01-10T14:30:30 IST" duration-ms="9534" status="PASS">
          <reporter-output>
          </reporter-output>
        </test-method> <!-- Dashboardtest -->
        <test-method is-config="true" signature="afterTest()[pri:0, instance:TestScripts.DashboardTest@478190fc]" started-at="2023-01-10T14:30:30 IST" name="afterTest" finished-at="2023-01-10T14:30:31 IST" duration-ms="171" status="PASS">
          <reporter-output>
          </reporter-output>
        </test-method> <!-- afterTest -->
      </class> <!-- TestScripts.DashboardTest -->
    </test> <!-- Test -->
  </suite> <!-- Suite -->
</testng-results>
